<?xml version="1.0" encoding="UTF-8"?>
<!-- Generated by org.testng.reporters.JUnitReportReporter -->
<testsuite hostname="DESKTOP-7EBENM6" failures="0" tests="1" name="runner.RunTestCarWale" time="31.937" errors="0" timestamp="2020-06-10T01:34:38 IST" skipped="0">
  <testcase classname="runner.RunTestCarWale" name="runScenario" time="31.937"/>
  <system-out/>
</testsuite> <!-- runner.RunTestCarWale -->
